app/build/intermediates/manifest_merge_blame_file/debug/manifest-merger-blame-debug-report.txt
1<?xml version="1.0" encoding="utf-8"?>
2<manifest xmlns:android="http://schemas.android.com/apk/res/android"
3    package="com.example.socialmedia"
4    android:versionCode="1"
5    android:versionName="1.0" >
6
7    <uses-sdk
8        android:minSdkVersion="21"
8-->src\main\AndroidManifest.xml
9        android:targetSdkVersion="31" />
9-->src\main\AndroidManifest.xml
10
11    <uses-permission android:name="android.permission.READ_EXTERNAL_STORAGE" />
11-->src\main\AndroidManifest.xml:6:5-80
11-->src\main\AndroidManifest.xml:6:22-77
12    <uses-permission android:name="android.permission.CAMERA" />
12-->src\main\AndroidManifest.xml:7:5-65
12-->src\main\AndroidManifest.xml:7:22-62
13    <uses-permission android:name="android.permission.INTERNET" />
13-->[com.firebaseui:firebase-ui-firestore:8.0.1] AndroidManifest.xml:9:5-67
13-->[com.firebaseui:firebase-ui-firestore:8.0.1] AndroidManifest.xml:9:22-64
14
15    <queries>
15-->[com.github.dhaval2404:imagepicker:2.1] AndroidManifest.xml:9:5-19:15
16
17        <!-- Query Camera Packages -->
18        <intent>
18-->[com.github.dhaval2404:imagepicker:2.1] AndroidManifest.xml:12:9-14:18
19            <action android:name="android.media.action.IMAGE_CAPTURE" />
19-->[com.github.dhaval2404:imagepicker:2.1] AndroidManifest.xml:13:13-73
19-->[com.github.dhaval2404:imagepicker:2.1] AndroidManifest.xml:13:21-70
20        </intent>
21        <!-- Query Open Document -->
22        <intent>
22-->[com.github.dhaval2404:imagepicker:2.1] AndroidManifest.xml:16:9-18:18
23            <action android:name="android.intent.action.OPEN_DOCUMENT_TREE" />
23-->[com.github.dhaval2404:imagepicker:2.1] AndroidManifest.xml:17:13-79
23-->[com.github.dhaval2404:imagepicker:2.1] AndroidManifest.xml:17:21-76
24        </intent>
25    </queries> <!-- This permission is required to start foreground services in Android P. -->
26    <uses-permission android:name="android.permission.FOREGROUND_SERVICE" />
26-->[com.google.android.gms:play-services-cast-framework:21.0.1] AndroidManifest.xml:10:5-77
26-->[com.google.android.gms:play-services-cast-framework:21.0.1] AndroidManifest.xml:10:22-74
27    <uses-permission android:name="android.permission.ACCESS_NETWORK_STATE" />
27-->[com.google.firebase:firebase-auth:21.0.4] AndroidManifest.xml:24:5-79
27-->[com.google.firebase:firebase-auth:21.0.4] AndroidManifest.xml:24:22-76
28
29    <application
29-->src\main\AndroidManifest.xml:9:5-35:19
30        android:allowBackup="true"
30-->src\main\AndroidManifest.xml:10:9-35
31        android:appComponentFactory="androidx.core.app.CoreComponentFactory"
31-->[androidx.core:core:1.7.0] AndroidManifest.xml:24:18-86
32        android:debuggable="true"
33        android:icon="@drawable/logo_image"
33-->src\main\AndroidManifest.xml:11:9-44
34        android:label="SocialMedia"
34-->src\main\AndroidManifest.xml:12:9-36
35        android:roundIcon="@drawable/logo_image"
35-->src\main\AndroidManifest.xml:13:9-49
36        android:supportsRtl="true"
36-->src\main\AndroidManifest.xml:14:9-35
37        android:testOnly="true"
38        android:theme="@style/Theme.SocialMedia" >
38-->src\main\AndroidManifest.xml:15:9-49
39        <activity
39-->src\main\AndroidManifest.xml:17:9-19:40
40            android:name="com.example.socialmedia.CommentsActivity"
40-->src\main\AndroidManifest.xml:18:13-45
41            android:exported="false" />
41-->src\main\AndroidManifest.xml:19:13-37
42        <activity
42-->src\main\AndroidManifest.xml:20:9-22:40
43            android:name="com.example.socialmedia.CreatePost"
43-->src\main\AndroidManifest.xml:21:13-39
44            android:exported="false" />
44-->src\main\AndroidManifest.xml:22:13-37
45        <activity
45-->src\main\AndroidManifest.xml:23:9-25:40
46            android:name="com.example.socialmedia.auth.AuthenticationActivity"
46-->src\main\AndroidManifest.xml:24:13-56
47            android:exported="false" />
47-->src\main\AndroidManifest.xml:25:13-37
48        <activity
48-->src\main\AndroidManifest.xml:26:9-34:20
49            android:name="com.example.socialmedia.MainActivity"
49-->src\main\AndroidManifest.xml:27:13-41
50            android:exported="true" >
50-->src\main\AndroidManifest.xml:28:13-36
51            <intent-filter>
51-->src\main\AndroidManifest.xml:29:13-33:29
52                <action android:name="android.intent.action.MAIN" />
52-->src\main\AndroidManifest.xml:30:17-69
52-->src\main\AndroidManifest.xml:30:25-66
53
54                <category android:name="android.intent.category.LAUNCHER" />
54-->src\main\AndroidManifest.xml:32:17-77
54-->src\main\AndroidManifest.xml:32:27-74
55            </intent-filter>
56        </activity>
57        <activity
57-->[com.github.dhaval2404:imagepicker:2.1] AndroidManifest.xml:22:9-25:68
58            android:name="com.github.dhaval2404.imagepicker.ImagePickerActivity"
58-->[com.github.dhaval2404:imagepicker:2.1] AndroidManifest.xml:23:13-81
59            android:screenOrientation="unspecified"
59-->[com.github.dhaval2404:imagepicker:2.1] AndroidManifest.xml:24:13-52
60            android:theme="@style/Theme.Transparent.ImagePicker" />
60-->[com.github.dhaval2404:imagepicker:2.1] AndroidManifest.xml:25:13-65
61        <activity
61-->[com.github.dhaval2404:imagepicker:2.1] AndroidManifest.xml:26:9-29:72
62            android:name="com.yalantis.ucrop.UCropActivity"
62-->[com.github.dhaval2404:imagepicker:2.1] AndroidManifest.xml:27:13-60
63            android:screenOrientation="portrait"
63-->[com.github.dhaval2404:imagepicker:2.1] AndroidManifest.xml:28:13-49
64            android:theme="@style/Theme.AppCompat.Light.NoActionBar" />
64-->[com.github.dhaval2404:imagepicker:2.1] AndroidManifest.xml:29:13-69
65
66        <provider
66-->[com.github.dhaval2404:imagepicker:2.1] AndroidManifest.xml:31:9-39:20
67            android:name="com.github.dhaval2404.imagepicker.ImagePickerFileProvider"
67-->[com.github.dhaval2404:imagepicker:2.1] AndroidManifest.xml:32:13-85
68            android:authorities="com.example.socialmedia.imagepicker.provider"
68-->[com.github.dhaval2404:imagepicker:2.1] AndroidManifest.xml:33:13-72
69            android:exported="false"
69-->[com.github.dhaval2404:imagepicker:2.1] AndroidManifest.xml:34:13-37
70            android:grantUriPermissions="true" >
70-->[com.github.dhaval2404:imagepicker:2.1] AndroidManifest.xml:35:13-47
71            <meta-data
71-->[com.github.dhaval2404:imagepicker:2.1] AndroidManifest.xml:36:13-38:71
72                android:name="android.support.FILE_PROVIDER_PATHS"
72-->[com.github.dhaval2404:imagepicker:2.1] AndroidManifest.xml:37:17-67
73                android:resource="@xml/image_picker_provider_paths" />
73-->[com.github.dhaval2404:imagepicker:2.1] AndroidManifest.xml:38:17-68
74        </provider>
75
76        <receiver
76-->[com.google.android.gms:play-services-cast-framework:21.0.1] AndroidManifest.xml:13:9-15:40
77            android:name="com.google.android.gms.cast.framework.media.MediaIntentReceiver"
77-->[com.google.android.gms:play-services-cast-framework:21.0.1] AndroidManifest.xml:14:13-91
78            android:exported="false" />
78-->[com.google.android.gms:play-services-cast-framework:21.0.1] AndroidManifest.xml:15:13-37
79
80        <service
80-->[com.google.android.gms:play-services-cast-framework:21.0.1] AndroidManifest.xml:17:9-20:61
81            android:name="com.google.android.gms.cast.framework.media.MediaNotificationService"
81-->[com.google.android.gms:play-services-cast-framework:21.0.1] AndroidManifest.xml:18:13-96
82            android:exported="false"
82-->[com.google.android.gms:play-services-cast-framework:21.0.1] AndroidManifest.xml:19:13-37
83            android:foregroundServiceType="mediaPlayback" />
83-->[com.google.android.gms:play-services-cast-framework:21.0.1] AndroidManifest.xml:20:13-58
84        <service
84-->[com.google.android.gms:play-services-cast-framework:21.0.1] AndroidManifest.xml:21:9-23:40
85            android:name="com.google.android.gms.cast.framework.ReconnectionService"
85-->[com.google.android.gms:play-services-cast-framework:21.0.1] AndroidManifest.xml:22:13-85
86            android:exported="false" />
86-->[com.google.android.gms:play-services-cast-framework:21.0.1] AndroidManifest.xml:23:13-37
87
88        <activity
88-->[com.google.firebase:firebase-auth:21.0.4] AndroidManifest.xml:27:9-44:20
89            android:name="com.google.firebase.auth.internal.GenericIdpActivity"
89-->[com.google.firebase:firebase-auth:21.0.4] AndroidManifest.xml:28:13-80
90            android:excludeFromRecents="true"
90-->[com.google.firebase:firebase-auth:21.0.4] AndroidManifest.xml:29:13-46
91            android:exported="true"
91-->[com.google.firebase:firebase-auth:21.0.4] AndroidManifest.xml:30:13-36
92            android:launchMode="singleTask"
92-->[com.google.firebase:firebase-auth:21.0.4] AndroidManifest.xml:31:13-44
93            android:theme="@android:style/Theme.Translucent.NoTitleBar" >
93-->[com.google.firebase:firebase-auth:21.0.4] AndroidManifest.xml:32:13-72
94            <intent-filter>
94-->[com.google.firebase:firebase-auth:21.0.4] AndroidManifest.xml:33:13-43:29
95                <action android:name="android.intent.action.VIEW" />
95-->[com.google.firebase:firebase-auth:21.0.4] AndroidManifest.xml:34:17-69
95-->[com.google.firebase:firebase-auth:21.0.4] AndroidManifest.xml:34:25-66
96
97                <category android:name="android.intent.category.DEFAULT" />
97-->[com.google.firebase:firebase-auth:21.0.4] AndroidManifest.xml:36:17-76
97-->[com.google.firebase:firebase-auth:21.0.4] AndroidManifest.xml:36:27-73
98                <category android:name="android.intent.category.BROWSABLE" />
98-->[com.google.firebase:firebase-auth:21.0.4] AndroidManifest.xml:37:17-78
98-->[com.google.firebase:firebase-auth:21.0.4] AndroidManifest.xml:37:27-75
99
100                <data
100-->[com.google.firebase:firebase-auth:21.0.4] AndroidManifest.xml:39:17-42:51
101                    android:host="firebase.auth"
101-->[com.google.firebase:firebase-auth:21.0.4] AndroidManifest.xml:40:21-49
102                    android:path="/"
102-->[com.google.firebase:firebase-auth:21.0.4] AndroidManifest.xml:41:21-37
103                    android:scheme="genericidp" />
103-->[com.google.firebase:firebase-auth:21.0.4] AndroidManifest.xml:42:21-48
104            </intent-filter>
105        </activity>
106        <activity
106-->[com.google.firebase:firebase-auth:21.0.4] AndroidManifest.xml:45:9-62:20
107            android:name="com.google.firebase.auth.internal.RecaptchaActivity"
107-->[com.google.firebase:firebase-auth:21.0.4] AndroidManifest.xml:46:13-79
108            android:excludeFromRecents="true"
108-->[com.google.firebase:firebase-auth:21.0.4] AndroidManifest.xml:47:13-46
109            android:exported="true"
109-->[com.google.firebase:firebase-auth:21.0.4] AndroidManifest.xml:48:13-36
110            android:launchMode="singleTask"
110-->[com.google.firebase:firebase-auth:21.0.4] AndroidManifest.xml:49:13-44
111            android:theme="@android:style/Theme.Translucent.NoTitleBar" >
111-->[com.google.firebase:firebase-auth:21.0.4] AndroidManifest.xml:50:13-72
112            <intent-filter>
112-->[com.google.firebase:firebase-auth:21.0.4] AndroidManifest.xml:51:13-61:29
113                <action android:name="android.intent.action.VIEW" />
113-->[com.google.firebase:firebase-auth:21.0.4] AndroidManifest.xml:34:17-69
113-->[com.google.firebase:firebase-auth:21.0.4] AndroidManifest.xml:34:25-66
114
115                <category android:name="android.intent.category.DEFAULT" />
115-->[com.google.firebase:firebase-auth:21.0.4] AndroidManifest.xml:36:17-76
115-->[com.google.firebase:firebase-auth:21.0.4] AndroidManifest.xml:36:27-73
116                <category android:name="android.intent.category.BROWSABLE" />
116-->[com.google.firebase:firebase-auth:21.0.4] AndroidManifest.xml:37:17-78
116-->[com.google.firebase:firebase-auth:21.0.4] AndroidManifest.xml:37:27-75
117
118                <data
118-->[com.google.firebase:firebase-auth:21.0.4] AndroidManifest.xml:39:17-42:51
119                    android:host="firebase.auth"
119-->[com.google.firebase:firebase-auth:21.0.4] AndroidManifest.xml:40:21-49
120                    android:path="/"
120-->[com.google.firebase:firebase-auth:21.0.4] AndroidManifest.xml:41:21-37
121                    android:scheme="recaptcha" />
121-->[com.google.firebase:firebase-auth:21.0.4] AndroidManifest.xml:42:21-48
122            </intent-filter>
123        </activity>
124
125        <service
125-->[com.google.firebase:firebase-auth:21.0.4] AndroidManifest.xml:64:9-70:19
126            android:name="com.google.firebase.components.ComponentDiscoveryService"
126-->[com.google.firebase:firebase-auth:21.0.4] AndroidManifest.xml:65:13-84
127            android:directBootAware="true"
127-->[com.google.firebase:firebase-common:20.1.1] AndroidManifest.xml:35:13-43
128            android:exported="false" >
128-->[com.google.firebase:firebase-auth:21.0.4] AndroidManifest.xml:66:13-37
129            <meta-data
129-->[com.google.firebase:firebase-auth:21.0.4] AndroidManifest.xml:67:13-69:85
130                android:name="com.google.firebase.components:com.google.firebase.auth.FirebaseAuthRegistrar"
130-->[com.google.firebase:firebase-auth:21.0.4] AndroidManifest.xml:68:17-109
131                android:value="com.google.firebase.components.ComponentRegistrar" />
131-->[com.google.firebase:firebase-auth:21.0.4] AndroidManifest.xml:69:17-82
132            <meta-data
132-->[com.google.firebase:firebase-firestore:24.1.2] AndroidManifest.xml:20:13-22:85
133                android:name="com.google.firebase.components:com.google.firebase.firestore.FirestoreRegistrar"
133-->[com.google.firebase:firebase-firestore:24.1.2] AndroidManifest.xml:21:17-111
134                android:value="com.google.firebase.components.ComponentRegistrar" />
134-->[com.google.firebase:firebase-firestore:24.1.2] AndroidManifest.xml:22:17-82
135            <meta-data
135-->[com.google.firebase:firebase-storage:20.0.1] AndroidManifest.xml:33:13-35:85
136                android:name="com.google.firebase.components:com.google.firebase.storage.StorageRegistrar"
136-->[com.google.firebase:firebase-storage:20.0.1] AndroidManifest.xml:34:17-107
137                android:value="com.google.firebase.components.ComponentRegistrar" />
137-->[com.google.firebase:firebase-storage:20.0.1] AndroidManifest.xml:35:17-82
138        </service>
139
140        <provider
140-->[com.google.firebase:firebase-common:20.1.1] AndroidManifest.xml:26:9-31:39
141            android:name="com.google.firebase.provider.FirebaseInitProvider"
141-->[com.google.firebase:firebase-common:20.1.1] AndroidManifest.xml:27:13-77
142            android:authorities="com.example.socialmedia.firebaseinitprovider"
142-->[com.google.firebase:firebase-common:20.1.1] AndroidManifest.xml:28:13-72
143            android:directBootAware="true"
143-->[com.google.firebase:firebase-common:20.1.1] AndroidManifest.xml:29:13-43
144            android:exported="false"
144-->[com.google.firebase:firebase-common:20.1.1] AndroidManifest.xml:30:13-37
145            android:initOrder="100" />
145-->[com.google.firebase:firebase-common:20.1.1] AndroidManifest.xml:31:13-36
146
147        <activity
147-->[com.google.android.gms:play-services-base:18.0.1] AndroidManifest.xml:20:9-22:45
148            android:name="com.google.android.gms.common.api.GoogleApiActivity"
148-->[com.google.android.gms:play-services-base:18.0.1] AndroidManifest.xml:20:19-85
149            android:exported="false"
149-->[com.google.android.gms:play-services-base:18.0.1] AndroidManifest.xml:22:19-43
150            android:theme="@android:style/Theme.Translucent.NoTitleBar" />
150-->[com.google.android.gms:play-services-base:18.0.1] AndroidManifest.xml:21:19-78
151
152        <meta-data
152-->[com.google.android.gms:play-services-basement:18.0.0] AndroidManifest.xml:21:9-23:69
153            android:name="com.google.android.gms.version"
153-->[com.google.android.gms:play-services-basement:18.0.0] AndroidManifest.xml:22:13-58
154            android:value="@integer/google_play_services_version" />
154-->[com.google.android.gms:play-services-basement:18.0.0] AndroidManifest.xml:23:13-66
155
156        <provider
156-->[androidx.emoji2:emoji2:1.0.0] AndroidManifest.xml:26:9-34:20
157            android:name="androidx.startup.InitializationProvider"
157-->[androidx.emoji2:emoji2:1.0.0] AndroidManifest.xml:27:13-67
158            android:authorities="com.example.socialmedia.androidx-startup"
158-->[androidx.emoji2:emoji2:1.0.0] AndroidManifest.xml:28:13-68
159            android:exported="false" >
159-->[androidx.emoji2:emoji2:1.0.0] AndroidManifest.xml:29:13-37
160            <meta-data
160-->[androidx.emoji2:emoji2:1.0.0] AndroidManifest.xml:31:13-33:52
161                android:name="androidx.emoji2.text.EmojiCompatInitializer"
161-->[androidx.emoji2:emoji2:1.0.0] AndroidManifest.xml:32:17-75
162                android:value="androidx.startup" />
162-->[androidx.emoji2:emoji2:1.0.0] AndroidManifest.xml:33:17-49
163            <meta-data
163-->[androidx.lifecycle:lifecycle-process:2.4.0] AndroidManifest.xml:31:13-33:52
164                android:name="androidx.lifecycle.ProcessLifecycleInitializer"
164-->[androidx.lifecycle:lifecycle-process:2.4.0] AndroidManifest.xml:32:17-78
165                android:value="androidx.startup" />
165-->[androidx.lifecycle:lifecycle-process:2.4.0] AndroidManifest.xml:33:17-49
166        </provider>
167
168        <service
168-->[com.google.android.datatransport:transport-backend-cct:2.3.3] AndroidManifest.xml:29:9-35:19
169            android:name="com.google.android.datatransport.runtime.backends.TransportBackendDiscovery"
169-->[com.google.android.datatransport:transport-backend-cct:2.3.3] AndroidManifest.xml:30:13-103
170            android:exported="false" >
170-->[com.google.android.datatransport:transport-backend-cct:2.3.3] AndroidManifest.xml:31:13-37
171            <meta-data
171-->[com.google.android.datatransport:transport-backend-cct:2.3.3] AndroidManifest.xml:32:13-34:39
172                android:name="backend:com.google.android.datatransport.cct.CctBackendFactory"
172-->[com.google.android.datatransport:transport-backend-cct:2.3.3] AndroidManifest.xml:33:17-94
173                android:value="cct" />
173-->[com.google.android.datatransport:transport-backend-cct:2.3.3] AndroidManifest.xml:34:17-36
174        </service>
175        <service
175-->[com.google.android.datatransport:transport-runtime:2.2.5] AndroidManifest.xml:26:9-30:19
176            android:name="com.google.android.datatransport.runtime.scheduling.jobscheduling.JobInfoSchedulerService"
176-->[com.google.android.datatransport:transport-runtime:2.2.5] AndroidManifest.xml:27:13-117
177            android:exported="false"
177-->[com.google.android.datatransport:transport-runtime:2.2.5] AndroidManifest.xml:28:13-37
178            android:permission="android.permission.BIND_JOB_SERVICE" >
178-->[com.google.android.datatransport:transport-runtime:2.2.5] AndroidManifest.xml:29:13-69
179        </service>
180
181        <receiver
181-->[com.google.android.datatransport:transport-runtime:2.2.5] AndroidManifest.xml:32:9-34:40
182            android:name="com.google.android.datatransport.runtime.scheduling.jobscheduling.AlarmManagerSchedulerBroadcastReceiver"
182-->[com.google.android.datatransport:transport-runtime:2.2.5] AndroidManifest.xml:33:13-132
183            android:exported="false" />
183-->[com.google.android.datatransport:transport-runtime:2.2.5] AndroidManifest.xml:34:13-37
184    </application>
185
186</manifest>